<?xml version="1.0" encoding="UTF-8"?>
<!-- Generated by org.testng.reporters.JUnitReportReporter -->
<testsuite hostname="DESKTOP-FQEJNI0" failures="0" tests="1" name="LoginFDoodics.Foodics.Login" time="5.824" errors="0" timestamp="2023-05-19T22:45:59 EET" skipped="0">
  <testcase classname="LoginFDoodics.Foodics.Login" name="login_request" time="5.824"/>
  <system-out/>
</testsuite> <!-- LoginFDoodics.Foodics.Login -->
