<?xml version="1.0" encoding="UTF-8"?>
<!-- Generated by org.testng.reporters.JUnitReportReporter -->
<testsuite hostname="DESKTOP-FQEJNI0" failures="0" tests="3" name="LoginFDoodics.Foodics.FoodicsTCs" time="7.704" errors="0" timestamp="2023-05-20T15:10:50 EET" skipped="0">
  <testcase classname="LoginFDoodics.Foodics.FoodicsTCs" name="User_login_Successfully" time="6.037"/>
  <system-out/>
  <testcase classname="LoginFDoodics.Foodics.FoodicsTCs" name="VerifyHomePageContent" time="0.631"/>
  <system-out/>
  <testcase classname="LoginFDoodics.Foodics.FoodicsTCs" name="VerifyThat_ICanChageFontFrom_whoami" time="1.036"/>
  <system-out/>
</testsuite> <!-- LoginFDoodics.Foodics.FoodicsTCs -->
